<?xml version='1.0' encoding='UTF-8'?>
<testsuite hostname="eunsim-i-MacBook-Pro.local" name="HweTest" tests="1" errors="0" failures="0" skipped="0" time="0.101" timestamp="2022-12-08T12:54:00">
                     <properties>
[...]
</properties>
                     <testcase classname="HweTest" name="Hw3.parser" time="0.101">
                                                 
                                               </testcase>
                     <system-out><![CDATA[]]></system-out>
                     <system-err><![CDATA[]]></system-err>
                   </testsuite>