<?xml version='1.0' encoding='UTF-8'?>
<testsuite hostname="eunsim-i-MacBook-Pro.local" name="HweTest" tests="7" errors="0" failures="1" skipped="0" time="0.032" timestamp="2022-12-08T12:50:38">
                     <properties>
[...]
</properties>
                     <testcase classname="HweTest" name="GcTest env: HashMap(), mem: Mem(HashMap(LocVal(3) -&gt; IntVal(13), LocVal(5) -&gt; IntVal(9), LocVal(1) -&gt; IntVal(10), LocVal(4) -&gt; IntVal(21), LocVal(2) -&gt; IntVal(13)),6)" time="0.019">
                                                 
                                               </testcase><testcase classname="HweTest" name="GcTest env: HashMap(Var(&quot;temp&quot;) -&gt; LocVal(2), Var(&quot;x&quot;) -&gt; LocVal(1), Var(&quot;y&quot;) -&gt; LocVal(5), Var(&quot;ret&quot;) -&gt; LocVal(4), Var(&quot;p&quot;) -&gt; LocVal(3)), mem: Mem(HashMap(LocVal(3) -&gt; IntVal(13), LocVal(5) -&gt; IntVal(9), LocVal(1) -&gt; IntVal(10), LocVal(4) -&gt; IntVal(21), LocVal(0) -&gt; ProcVal(List(Var(&quot;x&quot;)),Ite(LTEExpr(Var(&quot;x&quot;),Const(0)),Const(0),Ite(LTEExpr(Var(&quot;x&quot;),Const(2)),Const(1),Let(Var(&quot;temp&quot;),Const(1),Let(Var(&quot;p&quot;),Const(1),Let(Var(&quot;ret&quot;),Const(1),Let(Var(&quot;y&quot;),Const(3),Block(BeginEnd(WhileExpr(LTEExpr(Var(&quot;y&quot;),Var(&quot;x&quot;)),BeginEnd(Block(Block(Block(Asn(Var(&quot;temp&quot;),Var(&quot;ret&quot;)),Asn(Var(&quot;ret&quot;),Add(Var(&quot;p&quot;),Var(&quot;ret&quot;)))),Asn(Var(&quot;p&quot;),Var(&quot;temp&quot;))),Asn(Var(&quot;y&quot;),Add(Var(&quot;y&quot;),Const(1))))))),Var(&quot;ret&quot;)))))))),HashMap()), LocVal(2) -&gt; IntVal(13)),6)" time="0.003">
                                                 
                                               </testcase><testcase classname="HweTest" name="GcTest env: HashMap(Var(&quot;temp&quot;) -&gt; LocVal(2)), mem: Mem(HashMap(LocVal(3) -&gt; IntVal(13), LocVal(5) -&gt; IntVal(9), LocVal(1) -&gt; IntVal(10), LocVal(4) -&gt; IntVal(21), LocVal(2) -&gt; IntVal(13)),6)" time="0.001">
                                                 
                                               </testcase><testcase classname="HweTest" name="GcTest env: HashMap(Var(&quot;temp&quot;) -&gt; LocVal(2)), mem: Mem(HashMap(LocVal(3) -&gt; IntVal(13), LocVal(5) -&gt; IntVal(9), LocVal(1) -&gt; IntVal(10), LocVal(4) -&gt; IntVal(21), LocVal(2) -&gt; LocVal(3)),6)" time="0.0">
                                                 
                                               </testcase><testcase classname="HweTest" name="GcTest env: HashMap(Var(&quot;temp&quot;) -&gt; LocVal(2)), mem: Mem(HashMap(LocVal(3) -&gt; RecordVal(Var(&quot;x&quot;),LocVal(5),EmptyRecordVal), LocVal(5) -&gt; IntVal(9), LocVal(1) -&gt; IntVal(10), LocVal(4) -&gt; IntVal(21), LocVal(2) -&gt; LocVal(3)),6)" time="0.001">
                                                 
                                               </testcase><testcase classname="HweTest" name="test with expected result: SkipVal input: skip" time="0.0">
                                                 
                                               </testcase><testcase classname="HweTest" name="test with expected result: IntVal(0) input: let y = 10 in iszero y then y + 1 else y + 2" time="0.008">
                                                 <failure message="Syntax Error: iszeroy" type="hw4.SyntaxError">hw4.SyntaxError: Syntax Error: iszeroy
	at hw4.MiniCVisitor.visitExpr(Parsers.scala:85)
	at hw4.MiniCVisitor.visitExpr(Parsers.scala:12)
	at hw4.MiniCParser$ExprContext.accept(MiniCParser.java:213)
	at org.antlr.v4.runtime.tree.AbstractParseTreeVisitor.visit(AbstractParseTreeVisitor.java:18)
	at hw4.MiniCVisitor.visitLet(Parsers.scala:42)
	at hw4.MiniCVisitor.visitLet(Parsers.scala:12)
	at hw4.MiniCParser$LetContext.accept(MiniCParser.java:591)
	at org.antlr.v4.runtime.tree.AbstractParseTreeVisitor.visit(AbstractParseTreeVisitor.java:18)
	at hw4.MiniCVisitor.visitExpr(Parsers.scala:59)
	at hw4.MiniCVisitor.visitExpr(Parsers.scala:12)
	at hw4.MiniCParser$ExprContext.accept(MiniCParser.java:213)
	at org.antlr.v4.runtime.tree.AbstractParseTreeVisitor.visit(AbstractParseTreeVisitor.java:18)
	at hw4.MiniCVisitor.visitProgram(Parsers.scala:93)
	at hw4.MiniCVisitor.visitProgram(Parsers.scala:12)
	at hw4.MiniCParser$ProgramContext.accept(MiniCParser.java:117)
	at org.antlr.v4.runtime.tree.AbstractParseTreeVisitor.visit(AbstractParseTreeVisitor.java:18)
	at hw4.MiniCParserDriver$.apply(Parsers.scala:111)
	at hw4.MiniCInterpreter$.apply(Hw4.scala:412)
	at HweTest.$anonfun$new$4(Hw4Test.scala:134)
	at org.scalatest.OutcomeOf.outcomeOf(OutcomeOf.scala:85)
	at org.scalatest.OutcomeOf.outcomeOf$(OutcomeOf.scala:83)
	at org.scalatest.OutcomeOf$.outcomeOf(OutcomeOf.scala:104)
	at org.scalatest.Transformer.apply(Transformer.scala:22)
	at org.scalatest.Transformer.apply(Transformer.scala:20)
	at org.scalatest.funsuite.AnyFunSuiteLike$$anon$1.apply(AnyFunSuiteLike.scala:189)
	at org.scalatest.TestSuite.withFixture(TestSuite.scala:196)
	at org.scalatest.TestSuite.withFixture$(TestSuite.scala:195)
	at org.scalatest.funsuite.AnyFunSuite.withFixture(AnyFunSuite.scala:1562)
	at org.scalatest.funsuite.AnyFunSuiteLike.invokeWithFixture$1(AnyFunSuiteLike.scala:187)
	at org.scalatest.funsuite.AnyFunSuiteLike.$anonfun$runTest$1(AnyFunSuiteLike.scala:199)
	at org.scalatest.SuperEngine.runTestImpl(Engine.scala:306)
	at org.scalatest.funsuite.AnyFunSuiteLike.runTest(AnyFunSuiteLike.scala:199)
	at org.scalatest.funsuite.AnyFunSuiteLike.runTest$(AnyFunSuiteLike.scala:181)
	at org.scalatest.funsuite.AnyFunSuite.runTest(AnyFunSuite.scala:1562)
	at org.scalatest.funsuite.AnyFunSuiteLike.$anonfun$runTests$1(AnyFunSuiteLike.scala:232)
	at org.scalatest.SuperEngine.$anonfun$runTestsInBranch$1(Engine.scala:413)
	at scala.collection.immutable.List.foreach(List.scala:333)
	at org.scalatest.SuperEngine.traverseSubNodes$1(Engine.scala:401)
	at org.scalatest.SuperEngine.runTestsInBranch(Engine.scala:396)
	at org.scalatest.SuperEngine.runTestsImpl(Engine.scala:475)
	at org.scalatest.funsuite.AnyFunSuiteLike.runTests(AnyFunSuiteLike.scala:232)
	at org.scalatest.funsuite.AnyFunSuiteLike.runTests$(AnyFunSuiteLike.scala:231)
	at org.scalatest.funsuite.AnyFunSuite.runTests(AnyFunSuite.scala:1562)
	at org.scalatest.Suite.run(Suite.scala:1112)
	at org.scalatest.Suite.run$(Suite.scala:1094)
	at org.scalatest.funsuite.AnyFunSuite.org$scalatest$funsuite$AnyFunSuiteLike$$super$run(AnyFunSuite.scala:1562)
	at org.scalatest.funsuite.AnyFunSuiteLike.$anonfun$run$1(AnyFunSuiteLike.scala:236)
	at org.scalatest.SuperEngine.runImpl(Engine.scala:535)
	at org.scalatest.funsuite.AnyFunSuiteLike.run(AnyFunSuiteLike.scala:236)
	at org.scalatest.funsuite.AnyFunSuiteLike.run$(AnyFunSuiteLike.scala:235)
	at org.scalatest.funsuite.AnyFunSuite.run(AnyFunSuite.scala:1562)
	at org.scalatest.tools.Framework.org$scalatest$tools$Framework$$runSuite(Framework.scala:318)
	at org.scalatest.tools.Framework$ScalaTestTask.execute(Framework.scala:513)
	at sbt.TestRunner.runTest$1(TestFramework.scala:139)
	at sbt.TestRunner.run(TestFramework.scala:154)
	at sbt.TestFramework$$anon$3$$anonfun$$lessinit$greater$1.$anonfun$apply$1(TestFramework.scala:317)
	at sbt.TestFramework$.sbt$TestFramework$$withContextLoader(TestFramework.scala:277)
	at sbt.TestFramework$$anon$3$$anonfun$$lessinit$greater$1.apply(TestFramework.scala:317)
	at sbt.TestFramework$$anon$3$$anonfun$$lessinit$greater$1.apply(TestFramework.scala:317)
	at sbt.TestFunction.apply(TestFramework.scala:329)
	at sbt.Tests$.$anonfun$toTask$1(Tests.scala:311)
	at sbt.std.Transform$$anon$3.$anonfun$apply$2(Transform.scala:46)
	at sbt.std.Transform$$anon$4.work(Transform.scala:67)
	at sbt.Execute.$anonfun$submit$2(Execute.scala:281)
	at sbt.internal.util.ErrorHandling$.wideConvert(ErrorHandling.scala:19)
	at sbt.Execute.work(Execute.scala:290)
	at sbt.Execute.$anonfun$submit$1(Execute.scala:281)
	at sbt.ConcurrentRestrictions$$anon$4.$anonfun$submitValid$1(ConcurrentRestrictions.scala:178)
	at sbt.CompletionService$$anon$2.call(CompletionService.scala:37)
	at java.base/java.util.concurrent.FutureTask.run(FutureTask.java:264)
	at java.base/java.util.concurrent.Executors$RunnableAdapter.call(Executors.java:515)
	at java.base/java.util.concurrent.FutureTask.run(FutureTask.java:264)
	at java.base/java.util.concurrent.ThreadPoolExecutor.runWorker(ThreadPoolExecutor.java:1128)
	at java.base/java.util.concurrent.ThreadPoolExecutor$Worker.run(ThreadPoolExecutor.java:628)
	at java.base/java.lang.Thread.run(Thread.java:829)
</failure>
                                               </testcase>
                     <system-out><![CDATA[]]></system-out>
                     <system-err><![CDATA[]]></system-err>
                   </testsuite>